[2018-05-20 14:43:20-rdebian-processFile-INFO] ciclo
[2018-05-20 14:43:27-rdebian-processFile-INFO] ciclo
[2018-05-20 14:43:34-rdebian-processFile-INFO] ciclo
[2018-05-20 14:43:41-rdebian-processFile-INFO] el
[2018-05-20 14:43:41-rdebian-rejectFile-INFO] archivo
[2018-05-20 14:43:41-rdebian-processFile-INFO] año
[2018-05-20 14:43:41-rdebian-rejectFile-INFO] archivo
[2018-05-20 14:43:41-rdebian-processFile-INFO] mes
[2018-05-20 14:43:41-rdebian-rejectFile-INFO] archivo
[2018-05-20 14:43:41-rdebian-processFile-INFO] nombre
[2018-05-20 14:43:41-rdebian-rejectFile-INFO] archivo
[2018-05-20 14:43:41-rdebian-detecO-se invoca al interpretO] 
[2018-05-20 14:43:41-rdebian-processFile-INFO] ciclo
[2018-05-20 14:45:44-rdebian-processFile-INFO] ciclo
[2018-05-20 14:45:51-rdebian-processFile-INFO] ciclo
[2018-05-20 14:45:58-rdebian-processFile-INFO] ciclo
[2018-05-20 14:46:05-rdebian-processFile-INFO] el
[2018-05-20 14:46:05-rdebian-rejectFile-INFO] archivo
[2018-05-20 14:46:05-rdebian-processFile-INFO] año
[2018-05-20 14:46:05-rdebian-rejectFile-INFO] archivo
[2018-05-20 14:46:05-rdebian-processFile-INFO] mes
[2018-05-20 14:46:05-rdebian-rejectFile-INFO] archivo
[2018-05-20 14:46:05-rdebian-processFile-INFO] nombre
[2018-05-20 14:46:05-rdebian-rejectFile-INFO] archivo
[2018-05-20 14:46:05-rdebian-detecO-se invoca al interpretO] 
[2018-05-20 14:46:05-rdebian-processFile-INFO] ciclo
[2018-05-20 14:47:51-rdebian-processFile-INFO]
[2018-05-20 14:47:58-rdebian-processFile-INFO]
[2018-05-20 14:48:05-rdebian-processFile-INFO]
[2018-05-20 14:48:12-rdebian-processFile-INFO]
[2018-05-20 14:48:12-rdebian-rejectFile-INFO]
[2018-05-20 14:48:12-rdebian-processFile-INFO]
[2018-05-20 14:48:12-rdebian-rejectFile-INFO]
[2018-05-20 14:48:12-rdebian-processFile-INFO]
[2018-05-20 14:48:12-rdebian-rejectFile-INFO]
[2018-05-20 14:48:12-rdebian-processFile-INFO]
[2018-05-20 14:48:12-rdebian-rejectFile-INFO]
[2018-05-20 14:48:12-rdebian-detecO-se invoca al interpretO]
[2018-05-20 14:48:12-rdebian-processFile-INFO]
